{
  meta: {
    req: {
      url: '/creator',
      headers: {
        host: 'localhost:5000',
        connection: 'keep-alive',
        'content-length': '30',
        'sec-ch-ua': '"Not A(Brand";v="99", "Google Chrome";v="121", "Chromium";v="121"',
        accept: 'application/json, text/plain, */*',
        'content-type': 'application/json',
        'sec-ch-ua-mobile': '?0',
        'user-agent': 'Mozilla/5.0 (Windows NT 10.0; Win64; x64) AppleWebKit/537.36 (KHTML, like Gecko) Chrome/121.0.0.0 Safari/537.36',
        'sec-ch-ua-platform': '"Windows"',
        origin: 'http://localhost:3003',
        'sec-fetch-site': 'same-site',
        'sec-fetch-mode': 'cors',
        'sec-fetch-dest': 'empty',
        referer: 'http://localhost:3003/',
        'accept-encoding': 'gzip, deflate, br',
        'accept-language': 'en-US,en;q=0.9'
      },
      method: 'POST',
      httpVersion: '1.1',
      originalUrl: '/creator',
      query: {}
    },
    res: { statusCode: 409 },
    responseTime: 10032
  },
  level: 'info',
  message: 'HTTP POST /creator'
}
{
  meta: {
    req: {
      url: '/creator',
      headers: {
        host: 'localhost:5000',
        connection: 'keep-alive',
        'content-length': '30',
        'sec-ch-ua': '"Not A(Brand";v="99", "Google Chrome";v="121", "Chromium";v="121"',
        accept: 'application/json, text/plain, */*',
        'content-type': 'application/json',
        'sec-ch-ua-mobile': '?0',
        'user-agent': 'Mozilla/5.0 (Windows NT 10.0; Win64; x64) AppleWebKit/537.36 (KHTML, like Gecko) Chrome/121.0.0.0 Safari/537.36',
        'sec-ch-ua-platform': '"Windows"',
        origin: 'http://localhost:3003',
        'sec-fetch-site': 'same-site',
        'sec-fetch-mode': 'cors',
        'sec-fetch-dest': 'empty',
        referer: 'http://localhost:3003/',
        'accept-encoding': 'gzip, deflate, br',
        'accept-language': 'en-US,en;q=0.9'
      },
      method: 'POST',
      httpVersion: '1.1',
      originalUrl: '/creator',
      query: {}
    },
    res: { statusCode: 409 },
    responseTime: 10004
  },
  level: 'info',
  message: 'HTTP POST /creator'
}
